2026-03-03 00:32:28.296 | INFO     | __main__:ingest_data:32 - Starting ingestion process from ./data
2026-03-03 00:32:28.296 | INFO     | __main__:ingest_data:40 - Loading documents...
2026-03-03 00:33:42.193 | INFO     | __main__:ingest_data:32 - Starting ingestion process from ./data
2026-03-03 00:33:42.193 | INFO     | __main__:ingest_data:40 - Loading documents...
2026-03-03 00:33:58.641 | INFO     | __main__:ingest_data:47 - Loaded 4074 document pages.
2026-03-03 00:33:58.644 | INFO     | __main__:ingest_data:62 - Splitting documents into chunks...
2026-03-03 00:33:58.705 | INFO     | __main__:ingest_data:64 - Created 6720 chunks.
2026-03-03 00:33:58.871 | INFO     | __main__:ingest_data:68 - Adding chunks to ChromaDB...
2026-03-03 00:34:01.965 | INFO     | __main__:ingest_data:74 - Added batch 1 of 68
2026-03-03 00:34:02.805 | INFO     | __main__:ingest_data:74 - Added batch 2 of 68
2026-03-03 00:34:03.692 | INFO     | __main__:ingest_data:74 - Added batch 3 of 68
2026-03-03 00:34:04.419 | INFO     | __main__:ingest_data:74 - Added batch 4 of 68
2026-03-03 00:34:05.335 | INFO     | __main__:ingest_data:74 - Added batch 5 of 68
2026-03-03 00:34:06.033 | INFO     | __main__:ingest_data:74 - Added batch 6 of 68
2026-03-03 00:34:06.832 | INFO     | __main__:ingest_data:74 - Added batch 7 of 68
2026-03-03 00:34:07.532 | INFO     | __main__:ingest_data:74 - Added batch 8 of 68
2026-03-03 00:34:08.401 | INFO     | __main__:ingest_data:74 - Added batch 9 of 68
2026-03-03 00:34:09.188 | INFO     | __main__:ingest_data:74 - Added batch 10 of 68
2026-03-03 00:34:10.562 | INFO     | __main__:ingest_data:74 - Added batch 11 of 68
2026-03-03 00:34:11.272 | INFO     | __main__:ingest_data:74 - Added batch 12 of 68
2026-03-03 00:34:12.237 | INFO     | __main__:ingest_data:74 - Added batch 13 of 68
2026-03-03 00:34:13.485 | INFO     | __main__:ingest_data:74 - Added batch 14 of 68
2026-03-03 00:34:14.682 | INFO     | __main__:ingest_data:74 - Added batch 15 of 68
2026-03-03 00:34:15.624 | INFO     | __main__:ingest_data:74 - Added batch 16 of 68
2026-03-03 00:34:16.472 | INFO     | __main__:ingest_data:74 - Added batch 17 of 68
2026-03-03 00:34:17.352 | INFO     | __main__:ingest_data:74 - Added batch 18 of 68
2026-03-03 00:34:17.990 | INFO     | __main__:ingest_data:74 - Added batch 19 of 68
2026-03-03 00:34:19.012 | INFO     | __main__:ingest_data:74 - Added batch 20 of 68
2026-03-03 00:34:19.691 | INFO     | __main__:ingest_data:74 - Added batch 21 of 68
2026-03-03 00:34:20.622 | INFO     | __main__:ingest_data:74 - Added batch 22 of 68
2026-03-03 00:34:21.579 | INFO     | __main__:ingest_data:74 - Added batch 23 of 68
2026-03-03 00:34:22.342 | INFO     | __main__:ingest_data:74 - Added batch 24 of 68
2026-03-03 00:34:23.164 | INFO     | __main__:ingest_data:74 - Added batch 25 of 68
2026-03-03 00:34:23.850 | INFO     | __main__:ingest_data:74 - Added batch 26 of 68
2026-03-03 00:34:24.697 | INFO     | __main__:ingest_data:74 - Added batch 27 of 68
2026-03-03 00:34:25.445 | INFO     | __main__:ingest_data:74 - Added batch 28 of 68
2026-03-03 00:34:26.762 | INFO     | __main__:ingest_data:74 - Added batch 29 of 68
2026-03-03 00:34:27.516 | INFO     | __main__:ingest_data:74 - Added batch 30 of 68
2026-03-03 00:34:28.415 | INFO     | __main__:ingest_data:74 - Added batch 31 of 68
2026-03-03 00:34:29.101 | INFO     | __main__:ingest_data:74 - Added batch 32 of 68
2026-03-03 00:34:30.047 | INFO     | __main__:ingest_data:74 - Added batch 33 of 68
2026-03-03 00:34:30.795 | INFO     | __main__:ingest_data:74 - Added batch 34 of 68
2026-03-03 00:34:32.397 | INFO     | __main__:ingest_data:74 - Added batch 35 of 68
2026-03-03 00:34:33.029 | INFO     | __main__:ingest_data:74 - Added batch 36 of 68
2026-03-03 00:34:33.812 | INFO     | __main__:ingest_data:74 - Added batch 37 of 68
2026-03-03 00:34:34.688 | INFO     | __main__:ingest_data:74 - Added batch 38 of 68
2026-03-03 00:34:35.711 | INFO     | __main__:ingest_data:74 - Added batch 39 of 68
2026-03-03 00:34:36.858 | INFO     | __main__:ingest_data:74 - Added batch 40 of 68
2026-03-03 00:34:37.944 | INFO     | __main__:ingest_data:74 - Added batch 41 of 68
2026-03-03 00:34:38.940 | INFO     | __main__:ingest_data:74 - Added batch 42 of 68
2026-03-03 00:34:39.700 | INFO     | __main__:ingest_data:74 - Added batch 43 of 68
2026-03-03 00:34:40.643 | INFO     | __main__:ingest_data:74 - Added batch 44 of 68
2026-03-03 00:34:41.440 | INFO     | __main__:ingest_data:74 - Added batch 45 of 68
2026-03-03 00:34:42.284 | INFO     | __main__:ingest_data:74 - Added batch 46 of 68
2026-03-03 00:34:43.173 | INFO     | __main__:ingest_data:74 - Added batch 47 of 68
2026-03-03 00:34:43.792 | INFO     | __main__:ingest_data:74 - Added batch 48 of 68
2026-03-03 00:34:44.682 | INFO     | __main__:ingest_data:74 - Added batch 49 of 68
2026-03-03 00:34:45.555 | INFO     | __main__:ingest_data:74 - Added batch 50 of 68
2026-03-03 00:34:46.434 | INFO     | __main__:ingest_data:74 - Added batch 51 of 68
2026-03-03 00:34:47.249 | INFO     | __main__:ingest_data:74 - Added batch 52 of 68
2026-03-03 00:34:48.150 | INFO     | __main__:ingest_data:74 - Added batch 53 of 68
2026-03-03 00:34:48.929 | INFO     | __main__:ingest_data:74 - Added batch 54 of 68
2026-03-03 00:34:49.848 | INFO     | __main__:ingest_data:74 - Added batch 55 of 68
2026-03-03 00:34:50.660 | INFO     | __main__:ingest_data:74 - Added batch 56 of 68
2026-03-03 00:34:51.269 | INFO     | __main__:ingest_data:74 - Added batch 57 of 68
2026-03-03 00:34:52.018 | INFO     | __main__:ingest_data:74 - Added batch 58 of 68
2026-03-03 00:34:52.831 | INFO     | __main__:ingest_data:74 - Added batch 59 of 68
2026-03-03 00:34:53.734 | INFO     | __main__:ingest_data:74 - Added batch 60 of 68
2026-03-03 00:34:54.370 | INFO     | __main__:ingest_data:74 - Added batch 61 of 68
2026-03-03 00:34:55.241 | INFO     | __main__:ingest_data:74 - Added batch 62 of 68
2026-03-03 00:34:56.028 | INFO     | __main__:ingest_data:74 - Added batch 63 of 68
2026-03-03 00:34:56.722 | INFO     | __main__:ingest_data:74 - Added batch 64 of 68
2026-03-03 00:34:57.578 | INFO     | __main__:ingest_data:74 - Added batch 65 of 68
2026-03-03 00:34:58.325 | INFO     | __main__:ingest_data:74 - Added batch 66 of 68
2026-03-03 00:34:59.087 | INFO     | __main__:ingest_data:74 - Added batch 67 of 68
2026-03-03 00:34:59.538 | INFO     | __main__:ingest_data:74 - Added batch 68 of 68
2026-03-03 00:34:59.538 | INFO     | __main__:ingest_data:76 - Ingestion complete.
2026-03-03 18:15:55.336 | INFO     | __main__:ingest_data:56 - Starting ingestion process from ./data
2026-03-03 18:15:55.336 | INFO     | __main__:ingest_data:63 - Loading documents...
2026-03-03 18:16:11.073 | INFO     | __main__:ingest_data:78 - Loaded 4074 document pages.
2026-03-03 18:16:11.077 | INFO     | __main__:ingest_data:93 - Splitting documents into chunks...
2026-03-03 18:16:11.167 | INFO     | __main__:ingest_data:95 - Created 6720 chunks.
2026-03-03 18:16:11.368 | INFO     | __main__:ingest_data:99 - Adding chunks to ChromaDB...
2026-03-03 18:16:14.566 | INFO     | __main__:ingest_data:109 - Added batch 1 of 68
2026-03-03 18:16:15.457 | INFO     | __main__:ingest_data:109 - Added batch 2 of 68
2026-03-03 18:16:16.360 | INFO     | __main__:ingest_data:109 - Added batch 3 of 68
2026-03-03 18:16:19.955 | INFO     | __main__:ingest_data:109 - Added batch 4 of 68
2026-03-03 18:16:20.843 | INFO     | __main__:ingest_data:109 - Added batch 5 of 68
2026-03-03 18:16:21.553 | INFO     | __main__:ingest_data:109 - Added batch 6 of 68
2026-03-03 18:16:22.421 | INFO     | __main__:ingest_data:109 - Added batch 7 of 68
2026-03-03 18:16:23.527 | INFO     | __main__:ingest_data:109 - Added batch 8 of 68
2026-03-03 18:16:24.385 | INFO     | __main__:ingest_data:109 - Added batch 9 of 68
2026-03-03 18:16:25.285 | INFO     | __main__:ingest_data:109 - Added batch 10 of 68
2026-03-03 18:16:25.980 | INFO     | __main__:ingest_data:109 - Added batch 11 of 68
2026-03-03 18:16:26.819 | INFO     | __main__:ingest_data:109 - Added batch 12 of 68
2026-03-03 18:16:27.567 | INFO     | __main__:ingest_data:109 - Added batch 13 of 68
2026-03-03 18:16:28.259 | INFO     | __main__:ingest_data:109 - Added batch 14 of 68
2026-03-03 18:16:29.245 | INFO     | __main__:ingest_data:109 - Added batch 15 of 68
2026-03-03 18:16:29.841 | INFO     | __main__:ingest_data:109 - Added batch 16 of 68
2026-03-03 18:16:31.211 | INFO     | __main__:ingest_data:109 - Added batch 17 of 68
2026-03-03 18:16:31.923 | INFO     | __main__:ingest_data:109 - Added batch 18 of 68
2026-03-03 18:16:32.801 | INFO     | __main__:ingest_data:109 - Added batch 19 of 68
2026-03-03 18:16:33.598 | INFO     | __main__:ingest_data:109 - Added batch 20 of 68
2026-03-03 18:16:34.350 | INFO     | __main__:ingest_data:109 - Added batch 21 of 68
2026-03-03 18:16:35.237 | INFO     | __main__:ingest_data:109 - Added batch 22 of 68
2026-03-03 18:16:36.098 | INFO     | __main__:ingest_data:109 - Added batch 23 of 68
2026-03-03 18:16:36.977 | INFO     | __main__:ingest_data:109 - Added batch 24 of 68
2026-03-03 18:16:37.713 | INFO     | __main__:ingest_data:109 - Added batch 25 of 68
2026-03-03 18:16:38.690 | INFO     | __main__:ingest_data:109 - Added batch 26 of 68
2026-03-03 18:16:39.581 | INFO     | __main__:ingest_data:109 - Added batch 27 of 68
2026-03-03 18:16:40.398 | INFO     | __main__:ingest_data:109 - Added batch 28 of 68
2026-03-03 18:16:41.200 | INFO     | __main__:ingest_data:109 - Added batch 29 of 68
2026-03-03 18:16:42.324 | INFO     | __main__:ingest_data:109 - Added batch 30 of 68
2026-03-03 18:16:43.283 | INFO     | __main__:ingest_data:109 - Added batch 31 of 68
2026-03-03 18:16:44.109 | INFO     | __main__:ingest_data:109 - Added batch 32 of 68
2026-03-03 18:16:44.896 | INFO     | __main__:ingest_data:109 - Added batch 33 of 68
2026-03-03 18:16:46.187 | INFO     | __main__:ingest_data:109 - Added batch 34 of 68
2026-03-03 18:16:47.264 | INFO     | __main__:ingest_data:109 - Added batch 35 of 68
2026-03-03 18:16:48.163 | INFO     | __main__:ingest_data:109 - Added batch 36 of 68
2026-03-03 18:16:49.035 | INFO     | __main__:ingest_data:109 - Added batch 37 of 68
2026-03-03 18:16:49.826 | INFO     | __main__:ingest_data:109 - Added batch 38 of 68
2026-03-03 18:16:50.716 | INFO     | __main__:ingest_data:109 - Added batch 39 of 68
2026-03-03 18:16:51.683 | INFO     | __main__:ingest_data:109 - Added batch 40 of 68
2026-03-03 18:16:52.521 | INFO     | __main__:ingest_data:109 - Added batch 41 of 68
2026-03-03 18:16:53.280 | INFO     | __main__:ingest_data:109 - Added batch 42 of 68
2026-03-03 18:16:53.959 | INFO     | __main__:ingest_data:109 - Added batch 43 of 68
2026-03-03 18:16:54.578 | INFO     | __main__:ingest_data:109 - Added batch 44 of 68
2026-03-03 18:16:55.463 | INFO     | __main__:ingest_data:109 - Added batch 45 of 68
2026-03-03 18:16:56.103 | INFO     | __main__:ingest_data:109 - Added batch 46 of 68
2026-03-03 18:16:56.800 | INFO     | __main__:ingest_data:109 - Added batch 47 of 68
2026-03-03 18:16:57.557 | INFO     | __main__:ingest_data:109 - Added batch 48 of 68
2026-03-03 18:16:58.487 | INFO     | __main__:ingest_data:109 - Added batch 49 of 68
2026-03-03 18:16:59.273 | INFO     | __main__:ingest_data:109 - Added batch 50 of 68
2026-03-03 18:17:00.235 | INFO     | __main__:ingest_data:109 - Added batch 51 of 68
2026-03-03 18:17:01.128 | INFO     | __main__:ingest_data:109 - Added batch 52 of 68
2026-03-03 18:17:01.940 | INFO     | __main__:ingest_data:109 - Added batch 53 of 68
2026-03-03 18:17:02.884 | INFO     | __main__:ingest_data:109 - Added batch 54 of 68
2026-03-03 18:17:04.022 | INFO     | __main__:ingest_data:109 - Added batch 55 of 68
2026-03-03 18:17:04.792 | INFO     | __main__:ingest_data:109 - Added batch 56 of 68
2026-03-03 18:17:05.852 | INFO     | __main__:ingest_data:109 - Added batch 57 of 68
2026-03-03 18:17:06.652 | INFO     | __main__:ingest_data:109 - Added batch 58 of 68
2026-03-03 18:17:07.571 | INFO     | __main__:ingest_data:109 - Added batch 59 of 68
2026-03-03 18:17:08.981 | INFO     | __main__:ingest_data:109 - Added batch 60 of 68
2026-03-03 18:17:09.879 | INFO     | __main__:ingest_data:109 - Added batch 61 of 68
2026-03-03 18:17:10.637 | INFO     | __main__:ingest_data:109 - Added batch 62 of 68
2026-03-03 18:17:11.831 | INFO     | __main__:ingest_data:109 - Added batch 63 of 68
2026-03-03 18:17:12.761 | INFO     | __main__:ingest_data:109 - Added batch 64 of 68
2026-03-03 18:17:13.993 | INFO     | __main__:ingest_data:109 - Added batch 65 of 68
2026-03-03 18:17:14.903 | INFO     | __main__:ingest_data:109 - Added batch 66 of 68
2026-03-03 18:17:15.876 | INFO     | __main__:ingest_data:109 - Added batch 67 of 68
2026-03-03 18:17:16.194 | INFO     | __main__:ingest_data:109 - Added batch 68 of 68
2026-03-03 18:17:16.194 | INFO     | __main__:ingest_data:111 - Ingestion complete.
